<?xml version="1.0" encoding="UTF-8"?>
<!-- Generated by org.testng.reporters.JUnitReportReporter -->
<testsuite hostname="Lenovo" failures="0" tests="3" name="Demo1" time="29.672" errors="0" timestamp="2022-01-14T22:07:13 IST" skipped="0">
  <testcase classname="Demo1" name="openBrowser" time="21.565"/>
  <system-out/>
  <testcase classname="Demo1" name="openFacebook" time="6.763"/>
  <system-out/>
  <testcase classname="Demo1" name="facebookLogin" time="1.344"/>
  <system-out/>
</testsuite> <!-- Demo1 -->
