<?xml version="1.0" encoding="UTF-8"?>
<!-- Generated by org.testng.reporters.JUnitReportReporter -->
<testsuite hostname="Lenovo" failures="0" tests="3" name="Demo1" time="33.376" errors="0" timestamp="2022-01-13T21:21:01 IST" skipped="0">
  <testcase classname="Demo1" name="openBrowser" time="23.877"/>
  <system-out/>
  <testcase classname="Demo1" name="openFacebook" time="7.865"/>
  <system-out/>
  <testcase classname="Demo1" name="facebookLogin" time="1.634"/>
  <system-out/>
</testsuite> <!-- Demo1 -->
